<?xml version="1.0" encoding="UTF-8"?>
<!-- Generated by org.testng.reporters.JUnitXMLReporter -->
<testsuite ignored="3" hostname="Dell" failures="0" tests="2" name="test name" time="0.223" errors="0" timestamp="2022-07-14T13:03:59 CDT">
  <testcase classname="Testcase.TestNGgroupdemo" name="Test2" time="0.037"/>
  <testcase classname="Testcase.TestNGgroupdemo" name="Test4" time="0.008"/>
  <testcase classname="Testcase.TestNGgroupdemo" name="Test5" time="0.0">
    <ignored/>
  </testcase> <!-- Test5 -->
  <testcase classname="Testcase.TestNGgroupdemo" name="Test1" time="0.0">
    <ignored/>
  </testcase> <!-- Test1 -->
  <testcase classname="Testcase.TestNGgroupdemo" name="Test3" time="0.0">
    <ignored/>
  </testcase> <!-- Test3 -->
</testsuite> <!-- test name -->
