<?xml version="1.0" encoding="UTF-8"?>
<testng-results ignored="0" total="2" passed="2" failed="0" skipped="0">
  <reporter-output>
    <line>
      <![CDATA[Browser Initiated]]>
    </line>
    <line>
      <![CDATA[The website is opened]]>
    </line>
    <line>
      <![CDATA[Browser Initiated]]>
    </line>
    <line>
      <![CDATA[The website is opened]]>
    </line>
  </reporter-output>
  <suite started-at="2022-07-18T13:59:47 CDT" name="Default suite" finished-at="2022-07-18T14:00:35 CDT" duration-ms="47671">
    <groups>
    </groups>
    <test started-at="2022-07-18T13:59:47 CDT" name="Default test" finished-at="2022-07-18T14:00:35 CDT" duration-ms="47671">
      <class name="Testcase.DataProviderDemo">
        <test-method is-config="true" signature="beforeMethod()[pri:0, instance:Testcase.DataProviderDemo@d5b810e]" started-at="2022-07-18T13:59:47 CDT" name="beforeMethod" finished-at="2022-07-18T14:00:04 CDT" duration-ms="17131" status="PASS">
          <reporter-output>
            <line>
              <![CDATA[Browser Initiated]]>
            </line>
            <line>
              <![CDATA[The website is opened]]>
            </line>
          </reporter-output>
        </test-method> <!-- beforeMethod -->
        <test-method signature="login(java.lang.String,java.lang.String)[pri:0, instance:Testcase.DataProviderDemo@d5b810e]" started-at="2022-07-18T14:00:04 CDT" name="login" data-provider="TestData" finished-at="2022-07-18T14:00:06 CDT" duration-ms="1366" status="PASS">
          <params>
            <param index="0">
              <value>
                <![CDATA[Admin]]>
              </value>
            </param>
            <param index="1">
              <value>
                <![CDATA[admin123]]>
              </value>
            </param>
          </params>
          <reporter-output>
          </reporter-output>
        </test-method> <!-- login -->
        <test-method is-config="true" signature="afterMethod()[pri:0, instance:Testcase.DataProviderDemo@d5b810e]" started-at="2022-07-18T14:00:06 CDT" name="afterMethod" finished-at="2022-07-18T14:00:20 CDT" duration-ms="13800" status="PASS">
          <reporter-output>
          </reporter-output>
        </test-method> <!-- afterMethod -->
        <test-method is-config="true" signature="beforeMethod()[pri:0, instance:Testcase.DataProviderDemo@d5b810e]" started-at="2022-07-18T14:00:20 CDT" name="beforeMethod" finished-at="2022-07-18T14:00:29 CDT" duration-ms="9702" status="PASS">
          <reporter-output>
            <line>
              <![CDATA[Browser Initiated]]>
            </line>
            <line>
              <![CDATA[The website is opened]]>
            </line>
          </reporter-output>
        </test-method> <!-- beforeMethod -->
        <test-method signature="login(java.lang.String,java.lang.String)[pri:0, instance:Testcase.DataProviderDemo@d5b810e]" started-at="2022-07-18T14:00:29 CDT" name="login" data-provider="TestData" finished-at="2022-07-18T14:00:30 CDT" duration-ms="991" status="PASS">
          <params>
            <param index="0">
              <value>
                <![CDATA[ ]]>
              </value>
            </param>
            <param index="1">
              <value>
                <![CDATA[ ]]>
              </value>
            </param>
          </params>
          <reporter-output>
          </reporter-output>
        </test-method> <!-- login -->
        <test-method is-config="true" signature="afterMethod()[pri:0, instance:Testcase.DataProviderDemo@d5b810e]" started-at="2022-07-18T14:00:30 CDT" name="afterMethod" finished-at="2022-07-18T14:00:35 CDT" duration-ms="4497" status="PASS">
          <reporter-output>
          </reporter-output>
        </test-method> <!-- afterMethod -->
      </class> <!-- Testcase.DataProviderDemo -->
    </test> <!-- Default test -->
  </suite> <!-- Default suite -->
</testng-results>
